C:\USERS\ARISH\DOCUMENTS\VISUAL STUDIO 2012\PROJECTS\WIN32PROJECT1\WIN32PROJECT1\DEBUG\WIN32PROJECT1.PCH.CODEANALYSIS
C:\USERS\ARISH\DOCUMENTS\VISUAL STUDIO 2012\PROJECTS\WIN32PROJECT1\WIN32PROJECT1\DEBUG\WIN32PROJECT1.PCH.CODEANALYSISAST
C:\USERS\ARISH\DOCUMENTS\VISUAL STUDIO 2012\PROJECTS\WIN32PROJECT1\WIN32PROJECT1\DEBUG\STDAFX.CPP.NATIVECODEANALYSIS.XML
C:\USERS\ARISH\DOCUMENTS\VISUAL STUDIO 2012\PROJECTS\WIN32PROJECT1\WIN32PROJECT1\DEBUG\STDAFX.OBJ
C:\USERS\ARISH\DOCUMENTS\VISUAL STUDIO 2012\PROJECTS\WIN32PROJECT1\WIN32PROJECT1\DEBUG\VC110.PDB
C:\USERS\ARISH\DOCUMENTS\VISUAL STUDIO 2012\PROJECTS\WIN32PROJECT1\WIN32PROJECT1\DEBUG\WIN32PROJECT1.CPP.NATIVECODEANALYSIS.XML
C:\USERS\ARISH\DOCUMENTS\VISUAL STUDIO 2012\PROJECTS\WIN32PROJECT1\WIN32PROJECT1\DEBUG\WIN32PROJECT1.OBJ
C:\USERS\ARISH\DOCUMENTS\VISUAL STUDIO 2012\PROJECTS\WIN32PROJECT1\DEBUG\WIN32PROJECT1.ILK
C:\USERS\ARISH\DOCUMENTS\VISUAL STUDIO 2012\PROJECTS\WIN32PROJECT1\DEBUG\WIN32PROJECT1.EXE
C:\USERS\ARISH\DOCUMENTS\VISUAL STUDIO 2012\PROJECTS\WIN32PROJECT1\DEBUG\WIN32PROJECT1.PDB
C:\USERS\ARISH\DOCUMENTS\VISUAL STUDIO 2012\PROJECTS\WIN32PROJECT1\WIN32PROJECT1\DEBUG\WIN32PROJECT1.RES
C:\Users\Arish\Documents\Visual Studio 2012\Projects\Win32Project1\Win32Project1\Debug\stdafx.obj
C:\Users\Arish\Documents\Visual Studio 2012\Projects\Win32Project1\Win32Project1\Debug\Win32Project1.obj
C:\Users\Arish\Documents\Visual Studio 2012\Projects\Win32Project1\Win32Project1\Debug\cl.command.1.tlog
C:\Users\Arish\Documents\Visual Studio 2012\Projects\Win32Project1\Win32Project1\Debug\CL.read.1.tlog
C:\Users\Arish\Documents\Visual Studio 2012\Projects\Win32Project1\Win32Project1\Debug\CL.write.1.tlog
C:\Users\Arish\Documents\Visual Studio 2012\Projects\Win32Project1\Win32Project1\Debug\link-cvtres.read.1.tlog
C:\Users\Arish\Documents\Visual Studio 2012\Projects\Win32Project1\Win32Project1\Debug\link-cvtres.write.1.tlog
C:\Users\Arish\Documents\Visual Studio 2012\Projects\Win32Project1\Win32Project1\Debug\link-rc.read.1.tlog
C:\Users\Arish\Documents\Visual Studio 2012\Projects\Win32Project1\Win32Project1\Debug\link-rc.write.1.tlog
C:\Users\Arish\Documents\Visual Studio 2012\Projects\Win32Project1\Win32Project1\Debug\link.command.1.tlog
C:\Users\Arish\Documents\Visual Studio 2012\Projects\Win32Project1\Win32Project1\Debug\link.read.1.tlog
C:\Users\Arish\Documents\Visual Studio 2012\Projects\Win32Project1\Win32Project1\Debug\link.write.1.tlog
C:\Users\Arish\Documents\Visual Studio 2012\Projects\Win32Project1\Win32Project1\Debug\NativeCodeAnalysis.read.1.tlog
C:\Users\Arish\Documents\Visual Studio 2012\Projects\Win32Project1\Win32Project1\Debug\rc.command.1.tlog
C:\Users\Arish\Documents\Visual Studio 2012\Projects\Win32Project1\Win32Project1\Debug\rc.read.1.tlog
C:\Users\Arish\Documents\Visual Studio 2012\Projects\Win32Project1\Win32Project1\Debug\rc.write.1.tlog
C:\Users\Arish\Documents\Visual Studio 2012\Projects\Win32Project1\Win32Project1\Debug\Win32Project1.res
C:\Users\Arish\Documents\Visual Studio 2012\Projects\Win32Project1\Win32Project1\Debug\vc110.idb
C:\Users\Arish\Documents\Visual Studio 2012\Projects\Win32Project1\Win32Project1\Debug\vc110.pdb
C:\Users\Arish\Documents\Visual Studio 2012\Projects\Win32Project1\Win32Project1\Debug\stdafx.cpp.nativecodeanalysis.xml
C:\Users\Arish\Documents\Visual Studio 2012\Projects\Win32Project1\Win32Project1\Debug\vc.nativecodeanalysis.all.xml
C:\Users\Arish\Documents\Visual Studio 2012\Projects\Win32Project1\Win32Project1\Debug\Win32Project1.cpp.nativecodeanalysis.xml
C:\Users\Arish\Documents\Visual Studio 2012\Projects\Win32Project1\Debug\Win32Project1.pdb
C:\Users\Arish\Documents\Visual Studio 2012\Projects\Win32Project1\Debug\Win32Project1.exe
C:\Users\Arish\Documents\Visual Studio 2012\Projects\Win32Project1\Debug\Win32Project1.ilk
C:\Users\Arish\Documents\Visual Studio 2012\Projects\Win32Project1\Debug\Win32Project1.exe.lastcodeanalysissucceeded
